<?xml version="1.0" encoding="utf-8"?><testsuites><testsuite name="pytest" errors="0" failures="0" skipped="0" tests="14" time="0.222" timestamp="2021-10-05T19:59:56.850281" hostname="ekadanta.anubandha.home"><testcase classname="test_common.TestMount" name="test_nonroot" time="0.002" /><testcase classname="test_common.TestMount" name="test_root" time="0.001" /><testcase classname="test_common.TestAncestors" name="test_projparent" time="0.001" /><testcase classname="test_common.TestAncestors" name="test_projroot" time="0.001" /><testcase classname="test_common.TestBase" name="test_cache" time="0.001" /><testcase classname="test_common.TestBase" name="test_config" time="0.001" /><testcase classname="test_common.TestBase" name="test_custom" time="0.002" /><testcase classname="test_conf.TestRead" name="test_ancestors" time="0.006" /><testcase classname="test_conf.TestRead" name="test_wo_ancestors" time="0.004" /><testcase classname="test_conf.TestSafeConfig" name="test_ancestors" time="0.002" /><testcase classname="test_conf.TestSafeConfig" name="test_wo_ancestors" time="0.002" /><testcase classname="test_data.TestData" name="test_ancestors" time="0.001" /><testcase classname="test_data.TestData" name="test_local" time="0.001" /><testcase classname="test_data.TestData" name="test_locations" time="0.002" /></testsuite></testsuites>